#
# There is insufficient memory for the Java Runtime Environment to continue.
# Cannot create GC thread. Out of system resources.
# Possible reasons:
#   The system is out of physical RAM or swap space
#   The process is running with CompressedOops enabled, and the Java Heap may be blocking the growth of the native heap
# Possible solutions:
#   Reduce memory load on the system
#   Increase physical memory or swap space
#   Check if swap backing store is full
#   Decrease Java heap size (-Xmx/-Xms)
#   Decrease number of Java threads
#   Decrease Java thread stack sizes (-Xss)
#   Set larger code cache with -XX:ReservedCodeCacheSize=
# This output file may be truncated or incomplete.
#
#  Out of Memory Error (gcTaskThread.cpp:48), pid=128428, tid=0x000000000001bd00
#
# JRE version:  (8.0_202-b49) (build )
# Java VM: OpenJDK 64-Bit Server VM (25.202-b49 mixed mode windows-amd64 compressed oops)
# Failed to write core dump. Minidumps are not enabled by default on client versions of Windows
#

---------------  T H R E A D  ---------------

Current thread (0x0000000002fae000):  JavaThread "Unknown thread" [_thread_in_vm, id=113920, stack(0x00000000033f0000,0x00000000034f0000)]

Stack: [0x00000000033f0000,0x00000000034f0000]
[error occurred during error reporting (printing stack bounds), id 0xc0000005]

Native frames: (J=compiled Java code, j=interpreted, Vv=VM code, C=native code)


---------------  P R O C E S S  ---------------

Java Threads: ( => current thread )

Other Threads:

=>0x0000000002fae000 (exited) JavaThread "Unknown thread" [_thread_in_vm, id=113920, stack(0x00000000033f0000,0x00000000034f0000)]

VM state:not at safepoint (not fully initialized)

VM Mutex/Monitor currently owned by a thread: None

heap address: 0x00000006c2000000, size: 4064 MB, Compressed Oops mode: Non-zero based:0x00000006c1fff000, Oop shift amount: 3
Narrow klass base: 0x0000000000000000, Narrow klass shift: 0

GC Heap History (0 events):
No events

Deoptimization events (0 events):
No events

Classes redefined (0 events):
No events

Internal exceptions (0 events):
No events

Events (0 events):
No events


Dynamic libraries:
0x00007ff687690000 - 0x00007ff6876c1000 	F:\PhpStorm 2019.1.2\jre64\bin\java.exe
0x00007ffa6e870000 - 0x00007ffa6ea65000 	C:\WINDOWS\SYSTEM32\ntdll.dll
0x00007ffa6e3f0000 - 0x00007ffa6e4ad000 	C:\WINDOWS\System32\KERNEL32.DLL
0x00007ffa6c200000 - 0x00007ffa6c4c8000 	C:\WINDOWS\System32\KERNELBASE.dll
0x00007ffa6d580000 - 0x00007ffa6d62c000 	C:\WINDOWS\System32\ADVAPI32.DLL
0x00007ffa6d6b0000 - 0x00007ffa6d74e000 	C:\WINDOWS\System32\msvcrt.dll
0x00007ffa6e350000 - 0x00007ffa6e3eb000 	C:\WINDOWS\System32\sechost.dll
0x00007ffa6e220000 - 0x00007ffa6e34b000 	C:\WINDOWS\System32\RPCRT4.dll
0x00007ffa6e4b0000 - 0x00007ffa6e650000 	C:\WINDOWS\System32\USER32.dll
0x00007ffa6c880000 - 0x00007ffa6c8a2000 	C:\WINDOWS\System32\win32u.dll
0x00007ffa6d830000 - 0x00007ffa6d85a000 	C:\WINDOWS\System32\GDI32.dll
0x00007ffa6c770000 - 0x00007ffa6c87b000 	C:\WINDOWS\System32\gdi32full.dll
0x00007ffa6bfb0000 - 0x00007ffa6c04d000 	C:\WINDOWS\System32\msvcp_win.dll
0x00007ffa6c100000 - 0x00007ffa6c200000 	C:\WINDOWS\System32\ucrtbase.dll
0x00007ffa4e470000 - 0x00007ffa4e70a000 	C:\WINDOWS\WinSxS\amd64_microsoft.windows.common-controls_6595b64144ccf1df_6.0.19041.1052_none_60b8f8fd71f5e8cb\COMCTL32.dll
0x00007ffa6d1d0000 - 0x00007ffa6d200000 	C:\WINDOWS\System32\IMM32.DLL
0x0000000055450000 - 0x0000000055522000 	F:\PhpStorm 2019.1.2\jre64\bin\msvcr100.dll
0x0000000055530000 - 0x0000000055d76000 	F:\PhpStorm 2019.1.2\jre64\bin\server\jvm.dll
0x00007ffa6d440000 - 0x00007ffa6d448000 	C:\WINDOWS\System32\PSAPI.DLL
0x00007ffa597f0000 - 0x00007ffa597f9000 	C:\WINDOWS\SYSTEM32\WSOCK32.dll
0x00007ffa6d630000 - 0x00007ffa6d69b000 	C:\WINDOWS\System32\WS2_32.dll
0x00007ffa5a530000 - 0x00007ffa5a557000 	C:\WINDOWS\SYSTEM32\WINMM.dll
0x00007ffa63a20000 - 0x00007ffa63a2a000 	C:\WINDOWS\SYSTEM32\VERSION.dll
0x00007ffa5a0b0000 - 0x00007ffa5a0bf000 	F:\PhpStorm 2019.1.2\jre64\bin\verify.dll
0x00007ffa59eb0000 - 0x00007ffa59ed9000 	F:\PhpStorm 2019.1.2\jre64\bin\java.dll
0x00007ffa5a090000 - 0x00007ffa5a0a6000 	F:\PhpStorm 2019.1.2\jre64\bin\zip.dll

VM Arguments:
java_command: org.jetbrains.git4idea.http.GitAskPassApp Username for 'http://10.13.12.88:8900': 
java_class_path (initial): F:/PhpStorm 2019.1.2/plugins/git4idea/lib/git4idea-rt.jar;F:/PhpStorm 2019.1.2/lib/xmlrpc-2.0.1.jar;F:/PhpStorm 2019.1.2/lib/commons-codec-1.10.jar;F:/PhpStorm 2019.1.2/lib/util.jar
Launcher Type: SUN_STANDARD

Environment Variables:
JAVA_HOME=F:\jdk
CLASSPATH=.;F:\jdk\lib\dt.jar;F:\jdk\lib\tools.jar;
PATH=F:/Git/mingw64/libexec/git-core;F:/Git/mingw64/libexec/git-core;F:\Git\mingw64\bin;F:\Git\usr\bin;C:\Users\202005302\bin;C:\Program Files (x86)\Common Files\Oracle\Java\javapath;C:\WINDOWS\system32;C:\WINDOWS;C:\WINDOWS\System32\Wbem;C:\WINDOWS\System32\WindowsPowerShell\v1.0\;C:\WINDOWS\System32\OpenSSH\;C:\Program Files\Docker\Docker\resources\bin;C:\ProgramData\DockerDesktop\version-bin;C:\Program Files\PuTTY\;F:\Git\cmd;C:\Program Files\TortoiseGit\bin;C:\Program Files\nodejs\;F:\docker-machine;F:\jdk\bin;F:\jdk\jre\bin;F:\wamp64\bin\php\php7.3.1;F:\composer;F:\python\Scripts\;F:\python\;C:\Users\202005302\AppData\Local\Microsoft\WindowsApps;C:\Users\202005302\AppData\Roaming\npm;F:\PhpStorm 2019.1.2\bin;;F:\docker-machine;C:\Users\202005302\AppData\Roaming\Composer\vendor\bin;F:\fiddler;C:\Users\202005302\AppData\Local\Microsoft\WindowsApps;F:\IntelliJ IDEA Community Edition 2019.3.1\bin;
USERNAME=202005302
DISPLAY=:0.0
OS=Windows_NT
PROCESSOR_IDENTIFIER=Intel64 Family 6 Model 158 Stepping 13, GenuineIntel



---------------  S Y S T E M  ---------------

OS: Windows 10.0 , 64 bit Build 19041 (10.0.19041.1023)

CPU:total 8 (initial active 8) (8 cores per cpu, 1 threads per core) family 6 model 158 stepping 13, cmov, cx8, fxsr, mmx, sse, sse2, sse3, ssse3, sse4.1, sse4.2, popcnt, avx, avx2, aes, clmul, erms, 3dnowpref, lzcnt, tsc, tscinvbit, bmi1, bmi2, adx

Memory: 4k page, physical 16642636k(1751900k free), swap 29676064k(3044k free)

vm_info: OpenJDK 64-Bit Server VM (25.202-b49) for windows-amd64 JRE (1.8.0_202-release-1483-b49), built on Apr 10 2019 16:54:32 by "builduser" with MS VC++ 10.0 (VS2010)

time: Thu Jun 24 23:30:18 2021
timezone: 中国标准时间
elapsed time: 0 seconds (0d 0h 0m 0s)

