#
# There is insufficient memory for the Java Runtime Environment to continue.
# Native memory allocation (malloc) failed to allocate 45696 bytes for Chunk::new
# Possible reasons:
#   The system is out of physical RAM or swap space
#   The process is running with CompressedOops enabled, and the Java Heap may be blocking the growth of the native heap
# Possible solutions:
#   Reduce memory load on the system
#   Increase physical memory or swap space
#   Check if swap backing store is full
#   Decrease Java heap size (-Xmx/-Xms)
#   Decrease number of Java threads
#   Decrease Java thread stack sizes (-Xss)
#   Set larger code cache with -XX:ReservedCodeCacheSize=
#   JVM is running with Zero Based Compressed Oops mode in which the Java heap is
#     placed in the first 32GB address space. The Java Heap base address is the
#     maximum limit for the native heap growth. Please use -XX:HeapBaseMinAddress
#     to set the Java Heap base and to place the Java Heap above 32GB virtual address.
# This output file may be truncated or incomplete.
#
#  Out of Memory Error (allocation.cpp:389), pid=136200, tid=0x000000000001c4c8
#
# JRE version: OpenJDK Runtime Environment (8.0_202-b49) (build 1.8.0_202-release-1483-b49)
# Java VM: OpenJDK 64-Bit Server VM (25.202-b49 mixed mode windows-amd64 compressed oops)
# Failed to write core dump. Minidumps are not enabled by default on client versions of Windows
#

---------------  T H R E A D  ---------------

Current thread (0x000000001e1d0000):  JavaThread "C2 CompilerThread1" daemon [_thread_in_native, id=115912, stack(0x000000001ea40000,0x000000001eb40000)]

Stack: [0x000000001ea40000,0x000000001eb40000]
[error occurred during error reporting (printing stack bounds), id 0xc0000005]

Native frames: (J=compiled Java code, j=interpreted, Vv=VM code, C=native code)


Current CompileTask:
C2:    107  130       4       sun.misc.ASCIICaseInsensitiveComparator::compare (13 bytes)


---------------  P R O C E S S  ---------------

Java Threads: ( => current thread )
  0x000000001e271000 JavaThread "Service Thread" daemon [_thread_blocked, id=137860, stack(0x000000001ed40000,0x000000001ee40000)]
  0x000000001e1db000 JavaThread "C1 CompilerThread3" daemon [_thread_in_native, id=134076, stack(0x000000001ec40000,0x000000001ed40000)]
  0x000000001e1d5000 JavaThread "C2 CompilerThread2" daemon [_thread_blocked, id=129264, stack(0x000000001eb40000,0x000000001ec40000)]
=>0x000000001e1d0000 JavaThread "C2 CompilerThread1" daemon [_thread_in_native, id=115912, stack(0x000000001ea40000,0x000000001eb40000)]
  0x000000001e1cc000 JavaThread "C2 CompilerThread0" daemon [_thread_in_native, id=133276, stack(0x000000001e940000,0x000000001ea40000)]
  0x000000001e179000 JavaThread "Attach Listener" daemon [_thread_blocked, id=134232, stack(0x000000001e840000,0x000000001e940000)]
  0x000000001e178000 JavaThread "Signal Dispatcher" daemon [_thread_blocked, id=133380, stack(0x000000001e740000,0x000000001e840000)]
  0x0000000002889000 JavaThread "Finalizer" daemon [_thread_blocked, id=136736, stack(0x000000001e640000,0x000000001e740000)]
  0x0000000002886000 JavaThread "Reference Handler" daemon [_thread_blocked, id=138200, stack(0x000000001e540000,0x000000001e640000)]
  0x000000000296e000 JavaThread "main" [_thread_in_Java, id=137852, stack(0x00000000022f0000,0x00000000023f0000)]

Other Threads:
  0x000000001c358800 VMThread [stack: 0x000000001e040000,0x000000001e140000] [id=133236]
  0x000000001e272000 WatcherThread [stack: 0x000000001ee40000,0x000000001ef40000] [id=138136]

VM state:not at safepoint (normal execution)

VM Mutex/Monitor currently owned by a thread: None

heap address: 0x00000006c2000000, size: 4064 MB, Compressed Oops mode: Zero based, Oop shift amount: 3
Narrow klass base: 0x0000000000000000, Narrow klass shift: 3
Compressed class space size: 1073741824 Address: 0x00000007c0000000

Heap:
 PSYoungGen      total 75776K, used 6520K [0x000000076b580000, 0x0000000770a00000, 0x00000007c0000000)
  eden space 65024K, 10% used [0x000000076b580000,0x000000076bbde2a0,0x000000076f500000)
  from space 10752K, 0% used [0x000000076ff80000,0x000000076ff80000,0x0000000770a00000)
  to   space 10752K, 0% used [0x000000076f500000,0x000000076f500000,0x000000076ff80000)
 ParOldGen       total 173568K, used 0K [0x00000006c2000000, 0x00000006cc980000, 0x000000076b580000)
  object space 173568K, 0% used [0x00000006c2000000,0x00000006c2000000,0x00000006cc980000)
 Metaspace       used 3885K, capacity 4812K, committed 5120K, reserved 1058816K
  class space    used 416K, capacity 436K, committed 512K, reserved 1048576K

Card table byte_map: [0x0000000011d30000,0x0000000012530000] byte_map_base: 0x000000000e720000

Marking Bits: (ParMarkBitMap*) 0x0000000055cf9f30
 Begin Bits: [0x0000000013280000, 0x0000000017200000)
 End Bits:   [0x0000000017200000, 0x000000001b180000)

Polling page: 0x00000000023f0000

CodeCache: size=245760Kb used=1361Kb max_used=1361Kb free=244398Kb
 bounds [0x0000000002970000, 0x0000000002be0000, 0x0000000011970000]
 total_blobs=395 nmethods=132 adapters=177
 compilation: enabled

Compilation events (10 events):
Event: 0.104 Thread 0x000000001e1db000 nmethod 126 0x0000000002abe5d0 code [0x0000000002abe780, 0x0000000002abece8]
Event: 0.104 Thread 0x000000001e1db000  127       3       java.util.StringTokenizer::scanToken (179 bytes)
Event: 0.105 Thread 0x000000001e1db000 nmethod 127 0x0000000002abef10 code [0x0000000002abf180, 0x0000000002ac0498]
Event: 0.105 Thread 0x000000001e1db000  128       3       java.util.StringTokenizer::skipDelimiters (116 bytes)
Event: 0.105 Thread 0x000000001e1d5000 nmethod 125 0x0000000002ac3c10 code [0x0000000002ac3d60, 0x0000000002ac4168]
Event: 0.105 Thread 0x000000001e1db000 nmethod 128 0x0000000002ac2990 code [0x0000000002ac2ba0, 0x0000000002ac3758]
Event: 0.105 Thread 0x000000001e1db000  129       3       java.util.StringTokenizer::hasMoreTokens (29 bytes)
Event: 0.105 Thread 0x000000001e1db000 nmethod 129 0x0000000002ac2590 code [0x0000000002ac2700, 0x0000000002ac2908]
Event: 0.106 Thread 0x000000001e1d0000  130       4       sun.misc.ASCIICaseInsensitiveComparator::compare (13 bytes)
Event: 0.106 Thread 0x000000001e1cc000  131       4       sun.misc.ASCIICaseInsensitiveComparator::compare (126 bytes)

GC Heap History (0 events):
No events

Deoptimization events (0 events):
No events

Classes redefined (0 events):
No events

Internal exceptions (8 events):
Event: 0.024 Thread 0x000000000296e000 Exception <a 'java/lang/NoSuchMethodError': Method sun.misc.Unsafe.defineClass(Ljava/lang/String;[BII)Ljava/lang/Class; name or signature does not match> (0x000000076b587cb0) thrown at [C:\BuildAgent\work\d169a5271ee8d3d2\hotspot\src\share\vm\prims\jni.cp
Event: 0.024 Thread 0x000000000296e000 Exception <a 'java/lang/NoSuchMethodError': Method sun.misc.Unsafe.prefetchRead(Ljava/lang/Object;J)V name or signature does not match> (0x000000076b587f98) thrown at [C:\BuildAgent\work\d169a5271ee8d3d2\hotspot\src\share\vm\prims\jni.cpp, line 4012]
Event: 0.096 Thread 0x000000000296e000 Exception <a 'java/security/PrivilegedActionException'> (0x000000076baaaac0) thrown at [C:\BuildAgent\work\d169a5271ee8d3d2\hotspot\src\share\vm\prims\jvm.cpp, line 1508]
Event: 0.096 Thread 0x000000000296e000 Exception <a 'java/security/PrivilegedActionException'> (0x000000076baaaeb8) thrown at [C:\BuildAgent\work\d169a5271ee8d3d2\hotspot\src\share\vm\prims\jvm.cpp, line 1508]
Event: 0.097 Thread 0x000000000296e000 Exception <a 'java/security/PrivilegedActionException'> (0x000000076baae100) thrown at [C:\BuildAgent\work\d169a5271ee8d3d2\hotspot\src\share\vm\prims\jvm.cpp, line 1508]
Event: 0.097 Thread 0x000000000296e000 Exception <a 'java/security/PrivilegedActionException'> (0x000000076baae4f8) thrown at [C:\BuildAgent\work\d169a5271ee8d3d2\hotspot\src\share\vm\prims\jvm.cpp, line 1508]
Event: 0.097 Thread 0x000000000296e000 Exception <a 'java/security/PrivilegedActionException'> (0x000000076baaf990) thrown at [C:\BuildAgent\work\d169a5271ee8d3d2\hotspot\src\share\vm\prims\jvm.cpp, line 1508]
Event: 0.097 Thread 0x000000000296e000 Exception <a 'java/security/PrivilegedActionException'> (0x000000076baafd88) thrown at [C:\BuildAgent\work\d169a5271ee8d3d2\hotspot\src\share\vm\prims\jvm.cpp, line 1508]

Events (10 events):
Event: 0.106 loading class java/text/DigitList
Event: 0.106 loading class java/text/DigitList done
Event: 0.106 loading class java/math/RoundingMode
Event: 0.106 loading class java/math/RoundingMode done
Event: 0.106 loading class java/util/Date
Event: 0.106 loading class java/util/Date done
Event: 0.106 loading class org/apache/commons/codec/binary/Base64
Event: 0.106 loading class org/apache/commons/codec/binary/Base64 done
Event: 0.107 loading class org/apache/commons/codec/binary/BaseNCodec
Event: 0.107 loading class org/apache/commons/codec/binary/BaseNCodec done


Dynamic libraries:
0x00007ff687690000 - 0x00007ff6876c1000 	F:\PhpStorm 2019.1.2\jre64\bin\java.exe
0x00007ffa6e870000 - 0x00007ffa6ea65000 	C:\WINDOWS\SYSTEM32\ntdll.dll
0x00007ffa6e3f0000 - 0x00007ffa6e4ad000 	C:\WINDOWS\System32\KERNEL32.DLL
0x00007ffa6c200000 - 0x00007ffa6c4c8000 	C:\WINDOWS\System32\KERNELBASE.dll
0x00007ffa6d580000 - 0x00007ffa6d62c000 	C:\WINDOWS\System32\ADVAPI32.DLL
0x00007ffa6d6b0000 - 0x00007ffa6d74e000 	C:\WINDOWS\System32\msvcrt.dll
0x00007ffa6e350000 - 0x00007ffa6e3eb000 	C:\WINDOWS\System32\sechost.dll
0x00007ffa6e220000 - 0x00007ffa6e34b000 	C:\WINDOWS\System32\RPCRT4.dll
0x00007ffa6e4b0000 - 0x00007ffa6e650000 	C:\WINDOWS\System32\USER32.dll
0x00007ffa6c880000 - 0x00007ffa6c8a2000 	C:\WINDOWS\System32\win32u.dll
0x00007ffa6d830000 - 0x00007ffa6d85a000 	C:\WINDOWS\System32\GDI32.dll
0x00007ffa6c770000 - 0x00007ffa6c87b000 	C:\WINDOWS\System32\gdi32full.dll
0x00007ffa6bfb0000 - 0x00007ffa6c04d000 	C:\WINDOWS\System32\msvcp_win.dll
0x00007ffa6c100000 - 0x00007ffa6c200000 	C:\WINDOWS\System32\ucrtbase.dll
0x00007ffa4e470000 - 0x00007ffa4e70a000 	C:\WINDOWS\WinSxS\amd64_microsoft.windows.common-controls_6595b64144ccf1df_6.0.19041.1052_none_60b8f8fd71f5e8cb\COMCTL32.dll
0x00007ffa6d1d0000 - 0x00007ffa6d200000 	C:\WINDOWS\System32\IMM32.DLL
0x0000000055450000 - 0x0000000055522000 	F:\PhpStorm 2019.1.2\jre64\bin\msvcr100.dll
0x0000000055530000 - 0x0000000055d76000 	F:\PhpStorm 2019.1.2\jre64\bin\server\jvm.dll
0x00007ffa6d440000 - 0x00007ffa6d448000 	C:\WINDOWS\System32\PSAPI.DLL
0x00007ffa63a20000 - 0x00007ffa63a2a000 	C:\WINDOWS\SYSTEM32\VERSION.dll
0x00007ffa597f0000 - 0x00007ffa597f9000 	C:\WINDOWS\SYSTEM32\WSOCK32.dll
0x00007ffa6d630000 - 0x00007ffa6d69b000 	C:\WINDOWS\System32\WS2_32.dll
0x00007ffa5a530000 - 0x00007ffa5a557000 	C:\WINDOWS\SYSTEM32\WINMM.dll
0x00007ffa5a0b0000 - 0x00007ffa5a0bf000 	F:\PhpStorm 2019.1.2\jre64\bin\verify.dll
0x00007ffa59eb0000 - 0x00007ffa59ed9000 	F:\PhpStorm 2019.1.2\jre64\bin\java.dll
0x00007ffa5a090000 - 0x00007ffa5a0a6000 	F:\PhpStorm 2019.1.2\jre64\bin\zip.dll
0x00007ffa6ca90000 - 0x00007ffa6d1cf000 	C:\WINDOWS\System32\SHELL32.dll
0x00007ffa6a0e0000 - 0x00007ffa6a870000 	C:\WINDOWS\SYSTEM32\windows.storage.dll
0x00007ffa6de60000 - 0x00007ffa6e1b5000 	C:\WINDOWS\System32\combase.dll
0x00007ffa6b8e0000 - 0x00007ffa6b90c000 	C:\WINDOWS\SYSTEM32\Wldp.dll
0x00007ffa6ddb0000 - 0x00007ffa6de5e000 	C:\WINDOWS\System32\SHCORE.dll
0x00007ffa6d3c0000 - 0x00007ffa6d415000 	C:\WINDOWS\System32\shlwapi.dll
0x00007ffa6bef0000 - 0x00007ffa6bf0f000 	C:\WINDOWS\SYSTEM32\profapi.dll

VM Arguments:
java_command: org.jetbrains.git4idea.http.GitAskPassApp Username for 'http://10.13.12.88:8900': 
java_class_path (initial): F:/PhpStorm 2019.1.2/plugins/git4idea/lib/git4idea-rt.jar;F:/PhpStorm 2019.1.2/lib/xmlrpc-2.0.1.jar;F:/PhpStorm 2019.1.2/lib/commons-codec-1.10.jar;F:/PhpStorm 2019.1.2/lib/util.jar
Launcher Type: SUN_STANDARD

Environment Variables:
JAVA_HOME=F:\jdk
CLASSPATH=.;F:\jdk\lib\dt.jar;F:\jdk\lib\tools.jar;
PATH=F:/Git/mingw64/libexec/git-core;F:/Git/mingw64/libexec/git-core;F:\Git\mingw64\bin;F:\Git\usr\bin;C:\Users\202005302\bin;C:\Program Files (x86)\Common Files\Oracle\Java\javapath;C:\WINDOWS\system32;C:\WINDOWS;C:\WINDOWS\System32\Wbem;C:\WINDOWS\System32\WindowsPowerShell\v1.0\;C:\WINDOWS\System32\OpenSSH\;C:\Program Files\Docker\Docker\resources\bin;C:\ProgramData\DockerDesktop\version-bin;C:\Program Files\PuTTY\;F:\Git\cmd;C:\Program Files\TortoiseGit\bin;C:\Program Files\nodejs\;F:\docker-machine;F:\jdk\bin;F:\jdk\jre\bin;F:\wamp64\bin\php\php7.3.1;F:\composer;F:\python\Scripts\;F:\python\;C:\Users\202005302\AppData\Local\Microsoft\WindowsApps;C:\Users\202005302\AppData\Roaming\npm;F:\PhpStorm 2019.1.2\bin;;F:\docker-machine;C:\Users\202005302\AppData\Roaming\Composer\vendor\bin;F:\fiddler;C:\Users\202005302\AppData\Local\Microsoft\WindowsApps;F:\IntelliJ IDEA Community Edition 2019.3.1\bin;
USERNAME=202005302
DISPLAY=:0.0
OS=Windows_NT
PROCESSOR_IDENTIFIER=Intel64 Family 6 Model 158 Stepping 13, GenuineIntel



---------------  S Y S T E M  ---------------

OS: Windows 10.0 , 64 bit Build 19041 (10.0.19041.1023)

CPU:total 8 (initial active 8) (8 cores per cpu, 1 threads per core) family 6 model 158 stepping 13, cmov, cx8, fxsr, mmx, sse, sse2, sse3, ssse3, sse4.1, sse4.2, popcnt, avx, avx2, aes, clmul, erms, 3dnowpref, lzcnt, tsc, tscinvbit, bmi1, bmi2, adx

Memory: 4k page, physical 16642636k(2441308k free), swap 29676064k(3176k free)

vm_info: OpenJDK 64-Bit Server VM (25.202-b49) for windows-amd64 JRE (1.8.0_202-release-1483-b49), built on Apr 10 2019 16:54:32 by "builduser" with MS VC++ 10.0 (VS2010)

time: Fri Jun 25 13:52:10 2021
timezone: 中国标准时间
elapsed time: 0 seconds (0d 0h 0m 0s)

